Analysis & Synthesis report for Fase2
Wed Jun 16 10:36:04 2021
Quartus Prime Version 17.1.0 Build 590 10/25/2017 SJ Lite Edition


---------------------
; Table of Contents ;
---------------------
  1. Legal Notice
  2. Analysis & Synthesis Summary
  3. Analysis & Synthesis Settings
  4. Parallel Compilation
  5. Analysis & Synthesis Source Files Read
  6. Analysis & Synthesis Resource Usage Summary
  7. Analysis & Synthesis Resource Utilization by Entity
  8. State Machine - |Fase2|Sel_Tam_Garrafa_FSM:u5|s_state
  9. State Machine - |Fase2|Fase2FSM:u3|s_state
 10. Registers Removed During Synthesis
 11. General Register Statistics
 12. Multiplexer Restructuring Statistics (Restructuring Performed)
 13. Parameter Settings for User Entity Instance: ClkDividerN:u0
 14. Parameter Settings for User Entity Instance: DebounceUnit:u6
 15. Post-Synthesis Netlist Statistics for Top Partition
 16. Elapsed Time Per Partition
 17. Analysis & Synthesis Messages



----------------
; Legal Notice ;
----------------
Copyright (C) 2017  Intel Corporation. All rights reserved.
Your use of Intel Corporation's design tools, logic functions 
and other software and tools, and its AMPP partner logic 
functions, and any output files from any of the foregoing 
(including device programming or simulation files), and any 
associated documentation or information are expressly subject 
to the terms and conditions of the Intel Program License 
Subscription Agreement, the Intel Quartus Prime License Agreement,
the Intel FPGA IP License Agreement, or other applicable license
agreement, including, without limitation, that your use is for
the sole purpose of programming logic devices manufactured by
Intel and sold by Intel or its authorized distributors.  Please
refer to the applicable agreement for further details.



+----------------------------------------------------------------------------------+
; Analysis & Synthesis Summary                                                     ;
+------------------------------------+---------------------------------------------+
; Analysis & Synthesis Status        ; Successful - Wed Jun 16 10:36:04 2021       ;
; Quartus Prime Version              ; 17.1.0 Build 590 10/25/2017 SJ Lite Edition ;
; Revision Name                      ; Fase2                                       ;
; Top-level Entity Name              ; Fase2                                       ;
; Family                             ; Cyclone IV E                                ;
; Total logic elements               ; 283                                         ;
;     Total combinational functions  ; 256                                         ;
;     Dedicated logic registers      ; 160                                         ;
; Total registers                    ; 160                                         ;
; Total pins                         ; 105                                         ;
; Total virtual pins                 ; 0                                           ;
; Total memory bits                  ; 0                                           ;
; Embedded Multiplier 9-bit elements ; 0                                           ;
; Total PLLs                         ; 0                                           ;
+------------------------------------+---------------------------------------------+


+----------------------------------------------------------------------------------------------------------------------+
; Analysis & Synthesis Settings                                                                                        ;
+----------------------------------------------------------------------------+--------------------+--------------------+
; Option                                                                     ; Setting            ; Default Value      ;
+----------------------------------------------------------------------------+--------------------+--------------------+
; Device                                                                     ; EP4CE115F29C7      ;                    ;
; Top-level entity name                                                      ; Fase2              ; Fase2              ;
; Family name                                                                ; Cyclone IV E       ; Cyclone V          ;
; Use smart compilation                                                      ; Off                ; Off                ;
; Enable parallel Assembler and TimeQuest Timing Analyzer during compilation ; On                 ; On                 ;
; Enable compact report table                                                ; Off                ; Off                ;
; Restructure Multiplexers                                                   ; Auto               ; Auto               ;
; Create Debugging Nodes for IP Cores                                        ; Off                ; Off                ;
; Preserve fewer node names                                                  ; On                 ; On                 ;
; Intel FPGA IP Evaluation Mode                                              ; Enable             ; Enable             ;
; Verilog Version                                                            ; Verilog_2001       ; Verilog_2001       ;
; VHDL Version                                                               ; VHDL_1993          ; VHDL_1993          ;
; State Machine Processing                                                   ; Auto               ; Auto               ;
; Safe State Machine                                                         ; Off                ; Off                ;
; Extract Verilog State Machines                                             ; On                 ; On                 ;
; Extract VHDL State Machines                                                ; On                 ; On                 ;
; Ignore Verilog initial constructs                                          ; Off                ; Off                ;
; Iteration limit for constant Verilog loops                                 ; 5000               ; 5000               ;
; Iteration limit for non-constant Verilog loops                             ; 250                ; 250                ;
; Add Pass-Through Logic to Inferred RAMs                                    ; On                 ; On                 ;
; Infer RAMs from Raw Logic                                                  ; On                 ; On                 ;
; Parallel Synthesis                                                         ; On                 ; On                 ;
; DSP Block Balancing                                                        ; Auto               ; Auto               ;
; NOT Gate Push-Back                                                         ; On                 ; On                 ;
; Power-Up Don't Care                                                        ; On                 ; On                 ;
; Remove Redundant Logic Cells                                               ; Off                ; Off                ;
; Remove Duplicate Registers                                                 ; On                 ; On                 ;
; Ignore CARRY Buffers                                                       ; Off                ; Off                ;
; Ignore CASCADE Buffers                                                     ; Off                ; Off                ;
; Ignore GLOBAL Buffers                                                      ; Off                ; Off                ;
; Ignore ROW GLOBAL Buffers                                                  ; Off                ; Off                ;
; Ignore LCELL Buffers                                                       ; Off                ; Off                ;
; Ignore SOFT Buffers                                                        ; On                 ; On                 ;
; Limit AHDL Integers to 32 Bits                                             ; Off                ; Off                ;
; Optimization Technique                                                     ; Balanced           ; Balanced           ;
; Carry Chain Length                                                         ; 70                 ; 70                 ;
; Auto Carry Chains                                                          ; On                 ; On                 ;
; Auto Open-Drain Pins                                                       ; On                 ; On                 ;
; Perform WYSIWYG Primitive Resynthesis                                      ; Off                ; Off                ;
; Auto ROM Replacement                                                       ; On                 ; On                 ;
; Auto RAM Replacement                                                       ; On                 ; On                 ;
; Auto DSP Block Replacement                                                 ; On                 ; On                 ;
; Auto Shift Register Replacement                                            ; Auto               ; Auto               ;
; Allow Shift Register Merging across Hierarchies                            ; Auto               ; Auto               ;
; Auto Clock Enable Replacement                                              ; On                 ; On                 ;
; Strict RAM Replacement                                                     ; Off                ; Off                ;
; Allow Synchronous Control Signals                                          ; On                 ; On                 ;
; Force Use of Synchronous Clear Signals                                     ; Off                ; Off                ;
; Auto RAM Block Balancing                                                   ; On                 ; On                 ;
; Auto RAM to Logic Cell Conversion                                          ; Off                ; Off                ;
; Auto Resource Sharing                                                      ; Off                ; Off                ;
; Allow Any RAM Size For Recognition                                         ; Off                ; Off                ;
; Allow Any ROM Size For Recognition                                         ; Off                ; Off                ;
; Allow Any Shift Register Size For Recognition                              ; Off                ; Off                ;
; Use LogicLock Constraints during Resource Balancing                        ; On                 ; On                 ;
; Ignore translate_off and synthesis_off directives                          ; Off                ; Off                ;
; Timing-Driven Synthesis                                                    ; On                 ; On                 ;
; Report Parameter Settings                                                  ; On                 ; On                 ;
; Report Source Assignments                                                  ; On                 ; On                 ;
; Report Connectivity Checks                                                 ; On                 ; On                 ;
; Ignore Maximum Fan-Out Assignments                                         ; Off                ; Off                ;
; Synchronization Register Chain Length                                      ; 2                  ; 2                  ;
; Power Optimization During Synthesis                                        ; Normal compilation ; Normal compilation ;
; HDL message level                                                          ; Level2             ; Level2             ;
; Suppress Register Optimization Related Messages                            ; Off                ; Off                ;
; Number of Removed Registers Reported in Synthesis Report                   ; 5000               ; 5000               ;
; Number of Swept Nodes Reported in Synthesis Report                         ; 5000               ; 5000               ;
; Number of Inverted Registers Reported in Synthesis Report                  ; 100                ; 100                ;
; Clock MUX Protection                                                       ; On                 ; On                 ;
; Auto Gated Clock Conversion                                                ; Off                ; Off                ;
; Block Design Naming                                                        ; Auto               ; Auto               ;
; SDC constraint protection                                                  ; Off                ; Off                ;
; Synthesis Effort                                                           ; Auto               ; Auto               ;
; Shift Register Replacement - Allow Asynchronous Clear Signal               ; On                 ; On                 ;
; Pre-Mapping Resynthesis Optimization                                       ; Off                ; Off                ;
; Analysis & Synthesis Message Level                                         ; Medium             ; Medium             ;
; Disable Register Merging Across Hierarchies                                ; Auto               ; Auto               ;
; Resource Aware Inference For Block RAM                                     ; On                 ; On                 ;
+----------------------------------------------------------------------------+--------------------+--------------------+


+------------------------------------------+
; Parallel Compilation                     ;
+----------------------------+-------------+
; Processors                 ; Number      ;
+----------------------------+-------------+
; Number detected on machine ; 8           ;
; Maximum allowed            ; 4           ;
;                            ;             ;
; Average used               ; 1.00        ;
; Maximum used               ; 4           ;
;                            ;             ;
; Usage by Processor         ; % Time Used ;
;     Processor 1            ; 100.0%      ;
;     Processors 2-4         ;   0.0%      ;
+----------------------------+-------------+


+-----------------------------------------------------------------------------------------------------------------------------------------------+
; Analysis & Synthesis Source Files Read                                                                                                        ;
+----------------------------------+-----------------+-----------------+--------------------------------------------------------------+---------+
; File Name with User-Entered Path ; Used in Netlist ; File Type       ; File Name with Absolute Path                                 ; Library ;
+----------------------------------+-----------------+-----------------+--------------------------------------------------------------+---------+
; TimerFSM.vhd                     ; yes             ; User VHDL File  ; C:/LSD/ProjFinal/LSDprojfinal/Fase_2/TimerFSM.vhd            ;         ;
; Fase2FSM.vhd                     ; yes             ; User VHDL File  ; C:/LSD/ProjFinal/LSDprojfinal/Fase_2/Fase2FSM.vhd            ;         ;
; Sel_Tam_Garrafa_FSM.vhd          ; yes             ; User VHDL File  ; C:/LSD/ProjFinal/LSDprojfinal/Fase_2/Sel_Tam_Garrafa_FSM.vhd ;         ;
; DebounceUnit.vhd                 ; yes             ; User VHDL File  ; C:/LSD/ProjFinal/LSDprojfinal/Fase_2/DebounceUnit.vhd        ;         ;
; Display_Tam_Garrafa.vhd          ; yes             ; User VHDL File  ; C:/LSD/ProjFinal/LSDprojfinal/Fase_2/Display_Tam_Garrafa.vhd ;         ;
; Fase2.vhd                        ; yes             ; User VHDL File  ; C:/LSD/ProjFinal/LSDprojfinal/Fase_2/Fase2.vhd               ;         ;
; ClkDividerN.vhd                  ; yes             ; User VHDL File  ; C:/LSD/ProjFinal/LSDprojfinal/Fase_2/ClkDividerN.vhd         ;         ;
; Display.vhd                      ; yes             ; User VHDL File  ; C:/LSD/ProjFinal/LSDprojfinal/Fase_2/Display.vhd             ;         ;
+----------------------------------+-----------------+-----------------+--------------------------------------------------------------+---------+


+--------------------------------------------------------------+
; Analysis & Synthesis Resource Usage Summary                  ;
+---------------------------------------------+----------------+
; Resource                                    ; Usage          ;
+---------------------------------------------+----------------+
; Estimated Total logic elements              ; 283            ;
;                                             ;                ;
; Total combinational functions               ; 256            ;
; Logic element usage by number of LUT inputs ;                ;
;     -- 4 input functions                    ; 73             ;
;     -- 3 input functions                    ; 69             ;
;     -- <=2 input functions                  ; 114            ;
;                                             ;                ;
; Logic elements by mode                      ;                ;
;     -- normal mode                          ; 173            ;
;     -- arithmetic mode                      ; 83             ;
;                                             ;                ;
; Total registers                             ; 160            ;
;     -- Dedicated logic registers            ; 160            ;
;     -- I/O registers                        ; 0              ;
;                                             ;                ;
; I/O pins                                    ; 105            ;
;                                             ;                ;
; Embedded Multiplier 9-bit elements          ; 0              ;
;                                             ;                ;
; Maximum fan-out node                        ; CLOCK_50~input ;
; Maximum fan-out                             ; 160            ;
; Total fan-out                               ; 1260           ;
; Average fan-out                             ; 2.01           ;
+---------------------------------------------+----------------+


+-----------------------------------------------------------------------------------------------------------------------------------------------------------------------------------------------------------------------------+
; Analysis & Synthesis Resource Utilization by Entity                                                                                                                                                                         ;
+-----------------------------+---------------------+---------------------------+-------------+--------------+---------+-----------+------+--------------+-------------------------------+---------------------+--------------+
; Compilation Hierarchy Node  ; Combinational ALUTs ; Dedicated Logic Registers ; Memory Bits ; DSP Elements ; DSP 9x9 ; DSP 18x18 ; Pins ; Virtual Pins ; Full Hierarchy Name           ; Entity Name         ; Library Name ;
+-----------------------------+---------------------+---------------------------+-------------+--------------+---------+-----------+------+--------------+-------------------------------+---------------------+--------------+
; |Fase2                      ; 256 (0)             ; 160 (4)                   ; 0           ; 0            ; 0       ; 0         ; 105  ; 0            ; |Fase2                        ; Fase2               ; work         ;
;    |ClkDividerN:u0|         ; 55 (55)             ; 32 (32)                   ; 0           ; 0            ; 0       ; 0         ; 0    ; 0            ; |Fase2|ClkDividerN:u0         ; ClkDividerN         ; work         ;
;    |DebounceUnit:u6|        ; 67 (67)             ; 26 (26)                   ; 0           ; 0            ; 0       ; 0         ; 0    ; 0            ; |Fase2|DebounceUnit:u6        ; DebounceUnit        ; work         ;
;    |Display:u1|             ; 16 (16)             ; 28 (28)                   ; 0           ; 0            ; 0       ; 0         ; 0    ; 0            ; |Fase2|Display:u1             ; Display             ; work         ;
;    |Display_Tam_Garrafa:u4| ; 12 (12)             ; 16 (16)                   ; 0           ; 0            ; 0       ; 0         ; 0    ; 0            ; |Fase2|Display_Tam_Garrafa:u4 ; Display_Tam_Garrafa ; work         ;
;    |Fase2FSM:u3|            ; 24 (24)             ; 14 (14)                   ; 0           ; 0            ; 0       ; 0         ; 0    ; 0            ; |Fase2|Fase2FSM:u3            ; Fase2FSM            ; work         ;
;    |Sel_Tam_Garrafa_FSM:u5| ; 6 (6)               ; 7 (7)                     ; 0           ; 0            ; 0       ; 0         ; 0    ; 0            ; |Fase2|Sel_Tam_Garrafa_FSM:u5 ; Sel_Tam_Garrafa_FSM ; work         ;
;    |TimerFSM:u2|            ; 76 (76)             ; 33 (33)                   ; 0           ; 0            ; 0       ; 0         ; 0    ; 0            ; |Fase2|TimerFSM:u2            ; TimerFSM            ; work         ;
+-----------------------------+---------------------+---------------------------+-------------+--------------+---------+-----------+------+--------------+-------------------------------+---------------------+--------------+
Note: For table entries with two numbers listed, the numbers in parentheses indicate the number of resources of the given type used by the specific entity alone. The numbers listed outside of parentheses indicate the total resources of the given type used by the specific entity and all of its sub-entities in the hierarchy.


Encoding Type:  One-Hot
+-------------------------------------------------------------------------------+
; State Machine - |Fase2|Sel_Tam_Garrafa_FSM:u5|s_state                         ;
+---------------+---------------+---------------+---------------+---------------+
; Name          ; s_state.B10DL ; s_state.B50CL ; s_state.B25CL ; s_state.B33CL ;
+---------------+---------------+---------------+---------------+---------------+
; s_state.B33CL ; 0             ; 0             ; 0             ; 0             ;
; s_state.B25CL ; 0             ; 0             ; 1             ; 1             ;
; s_state.B50CL ; 0             ; 1             ; 0             ; 1             ;
; s_state.B10DL ; 1             ; 0             ; 0             ; 1             ;
+---------------+---------------+---------------+---------------+---------------+


Encoding Type:  One-Hot
+-------------------------------------------------------------------------------------------------------------------------+
; State Machine - |Fase2|Fase2FSM:u3|s_state                                                                              ;
+-------------+-------------+------------+-------------+-------------+------------+------------+-------------+------------+
; Name        ; s_state.MEG ; s_state.E3 ; s_state.E2B ; s_state.E2A ; s_state.E2 ; s_state.E1 ; s_state.E0A ; s_state.E0 ;
+-------------+-------------+------------+-------------+-------------+------------+------------+-------------+------------+
; s_state.E0  ; 0           ; 0          ; 0           ; 0           ; 0          ; 0          ; 0           ; 0          ;
; s_state.E0A ; 0           ; 0          ; 0           ; 0           ; 0          ; 0          ; 1           ; 1          ;
; s_state.E1  ; 0           ; 0          ; 0           ; 0           ; 0          ; 1          ; 0           ; 1          ;
; s_state.E2  ; 0           ; 0          ; 0           ; 0           ; 1          ; 0          ; 0           ; 1          ;
; s_state.E2A ; 0           ; 0          ; 0           ; 1           ; 0          ; 0          ; 0           ; 1          ;
; s_state.E2B ; 0           ; 0          ; 1           ; 0           ; 0          ; 0          ; 0           ; 1          ;
; s_state.E3  ; 0           ; 1          ; 0           ; 0           ; 0          ; 0          ; 0           ; 1          ;
; s_state.MEG ; 1           ; 0          ; 0           ; 0           ; 0          ; 0          ; 0           ; 1          ;
+-------------+-------------+------------+-------------+-------------+------------+------------+-------------+------------+


+----------------------------------------------------------------------------------+
; Registers Removed During Synthesis                                               ;
+-----------------------------------------+----------------------------------------+
; Register name                           ; Reason for Removal                     ;
+-----------------------------------------+----------------------------------------+
; Display_Tam_Garrafa:u4|visor_cen[0,2,3] ; Stuck at GND due to stuck port data_in ;
; Display_Tam_Garrafa:u4|visor_dez[3,4]   ; Stuck at GND due to stuck port data_in ;
; Display_Tam_Garrafa:u4|visor_uni[0..2]  ; Stuck at VCC due to stuck port data_in ;
; Display_Tam_Garrafa:u4|visor_uni[3..5]  ; Stuck at GND due to stuck port data_in ;
; Display_Tam_Garrafa:u4|visor_uni[6]     ; Stuck at VCC due to stuck port data_in ;
; Fase2FSM:u3|timeVal[3..7]               ; Merged with Fase2FSM:u3|timeVal[0]     ;
; Fase2FSM:u3|timeVal[0]                  ; Stuck at GND due to stuck port data_in ;
; Fase2FSM:u3|timeVal[2]                  ; Stuck at VCC due to stuck port data_in ;
; Total Number of Removed Registers = 19  ;                                        ;
+-----------------------------------------+----------------------------------------+


+------------------------------------------------------+
; General Register Statistics                          ;
+----------------------------------------------+-------+
; Statistic                                    ; Value ;
+----------------------------------------------+-------+
; Total registers                              ; 160   ;
; Number of registers using Synchronous Clear  ; 11    ;
; Number of registers using Synchronous Load   ; 0     ;
; Number of registers using Asynchronous Clear ; 0     ;
; Number of registers using Asynchronous Load  ; 0     ;
; Number of registers using Clock Enable       ; 63    ;
; Number of registers using Preset             ; 0     ;
+----------------------------------------------+-------+


+----------------------------------------------------------------------------------------------------------------------------------------------------------+
; Multiplexer Restructuring Statistics (Restructuring Performed)                                                                                           ;
+--------------------+-----------+---------------+----------------------+------------------------+------------+--------------------------------------------+
; Multiplexer Inputs ; Bus Width ; Baseline Area ; Area if Restructured ; Saving if Restructured ; Registered ; Example Multiplexer Output                 ;
+--------------------+-----------+---------------+----------------------+------------------------+------------+--------------------------------------------+
; 3:1                ; 3 bits    ; 6 LEs         ; 6 LEs                ; 0 LEs                  ; Yes        ; |Fase2|Display:u1|visor_mil[2]             ;
; 3:1                ; 2 bits    ; 4 LEs         ; 2 LEs                ; 2 LEs                  ; Yes        ; |Fase2|Display_Tam_Garrafa:u4|visor_mil[1] ;
; 4:1                ; 24 bits   ; 48 LEs        ; 48 LEs               ; 0 LEs                  ; Yes        ; |Fase2|TimerFSM:u2|s_counter[11]           ;
; 4:1                ; 8 bits    ; 16 LEs        ; 16 LEs               ; 0 LEs                  ; Yes        ; |Fase2|TimerFSM:u2|s_counter[14]           ;
; 5:1                ; 23 bits   ; 69 LEs        ; 46 LEs               ; 23 LEs                 ; Yes        ; |Fase2|DebounceUnit:u6|s_debounceCnt[0]    ;
; 3:1                ; 2 bits    ; 4 LEs         ; 4 LEs                ; 0 LEs                  ; No         ; |Fase2|Display:u1|visor_uni                ;
; 3:1                ; 2 bits    ; 4 LEs         ; 2 LEs                ; 2 LEs                  ; No         ; |Fase2|Display_Tam_Garrafa:u4|visor_dez    ;
; 10:1               ; 2 bits    ; 12 LEs        ; 8 LEs                ; 4 LEs                  ; No         ; |Fase2|Fase2FSM:u3|s_state                 ;
; 11:1               ; 2 bits    ; 14 LEs        ; 8 LEs                ; 6 LEs                  ; No         ; |Fase2|Fase2FSM:u3|s_state                 ;
+--------------------+-----------+---------------+----------------------+------------------------+------------+--------------------------------------------+


+-------------------------------------------------------------+
; Parameter Settings for User Entity Instance: ClkDividerN:u0 ;
+----------------+---------+----------------------------------+
; Parameter Name ; Value   ; Type                             ;
+----------------+---------+----------------------------------+
; divfactor      ; 5000000 ; Signed Integer                   ;
+----------------+---------+----------------------------------+
Note: In order to hide this table in the UI and the text report file, please set the "Show Parameter Settings in Synthesis Report" option in "Analysis and Synthesis Settings -> More Settings" to "Off".


+--------------------------------------------------------------+
; Parameter Settings for User Entity Instance: DebounceUnit:u6 ;
+----------------+-------+-------------------------------------+
; Parameter Name ; Value ; Type                                ;
+----------------+-------+-------------------------------------+
; khzclkfreq     ; 50000 ; Signed Integer                      ;
; msecmininwidth ; 100   ; Signed Integer                      ;
; inpolarity     ; '1'   ; Enumerated                          ;
; outpolarity    ; '1'   ; Enumerated                          ;
+----------------+-------+-------------------------------------+
Note: In order to hide this table in the UI and the text report file, please set the "Show Parameter Settings in Synthesis Report" option in "Analysis and Synthesis Settings -> More Settings" to "Off".


+-----------------------------------------------------+
; Post-Synthesis Netlist Statistics for Top Partition ;
+-----------------------+-----------------------------+
; Type                  ; Count                       ;
+-----------------------+-----------------------------+
; boundary_port         ; 105                         ;
; cycloneiii_ff         ; 160                         ;
;     ENA               ; 55                          ;
;     ENA SCLR          ; 8                           ;
;     SCLR              ; 3                           ;
;     plain             ; 94                          ;
; cycloneiii_lcell_comb ; 258                         ;
;     arith             ; 83                          ;
;         2 data inputs ; 83                          ;
;     normal            ; 175                         ;
;         0 data inputs ; 2                           ;
;         1 data inputs ; 12                          ;
;         2 data inputs ; 19                          ;
;         3 data inputs ; 69                          ;
;         4 data inputs ; 73                          ;
;                       ;                             ;
; Max LUT depth         ; 7.00                        ;
; Average LUT depth     ; 3.37                        ;
+-----------------------+-----------------------------+


+-------------------------------+
; Elapsed Time Per Partition    ;
+----------------+--------------+
; Partition Name ; Elapsed Time ;
+----------------+--------------+
; Top            ; 00:00:00     ;
+----------------+--------------+


+-------------------------------+
; Analysis & Synthesis Messages ;
+-------------------------------+
Info: *******************************************************************
Info: Running Quartus Prime Analysis & Synthesis
    Info: Version 17.1.0 Build 590 10/25/2017 SJ Lite Edition
    Info: Processing started: Wed Jun 16 10:35:53 2021
Info: Command: quartus_map --read_settings_files=on --write_settings_files=off Fase2 -c Fase2
Warning (18236): Number of processors has not been specified which may cause overloading on shared machines.  Set the global assignment NUM_PARALLEL_PROCESSORS in your QSF to an appropriate value for best performance.
Info (20030): Parallel compilation is enabled and will use 4 of the 4 processors detected
Info (12021): Found 2 design units, including 1 entities, in source file timerfsm.vhd
    Info (12022): Found design unit 1: TimerFSM-Behavioral File: C:/LSD/ProjFinal/LSDprojfinal/Fase_2/TimerFSM.vhd Line: 13
    Info (12023): Found entity 1: TimerFSM File: C:/LSD/ProjFinal/LSDprojfinal/Fase_2/TimerFSM.vhd Line: 5
Info (12021): Found 2 design units, including 1 entities, in source file fase2fsm.vhd
    Info (12022): Found design unit 1: Fase2FSM-v1 File: C:/LSD/ProjFinal/LSDprojfinal/Fase_2/Fase2FSM.vhd Line: 22
    Info (12023): Found entity 1: Fase2FSM File: C:/LSD/ProjFinal/LSDprojfinal/Fase_2/Fase2FSM.vhd Line: 5
Info (12021): Found 2 design units, including 1 entities, in source file sel_tam_garrafa_fsm.vhd
    Info (12022): Found design unit 1: Sel_Tam_Garrafa_FSM-v1 File: C:/LSD/ProjFinal/LSDprojfinal/Fase_2/Sel_Tam_Garrafa_FSM.vhd Line: 15
    Info (12023): Found entity 1: Sel_Tam_Garrafa_FSM File: C:/LSD/ProjFinal/LSDprojfinal/Fase_2/Sel_Tam_Garrafa_FSM.vhd Line: 4
Info (12021): Found 2 design units, including 1 entities, in source file debounceunit.vhd
    Info (12022): Found design unit 1: DebounceUnit-Behavioral File: C:/LSD/ProjFinal/LSDprojfinal/Fase_2/DebounceUnit.vhd Line: 15
    Info (12023): Found entity 1: DebounceUnit File: C:/LSD/ProjFinal/LSDprojfinal/Fase_2/DebounceUnit.vhd Line: 5
Info (12021): Found 2 design units, including 1 entities, in source file display_tam_garrafa.vhd
    Info (12022): Found design unit 1: Display_Tam_Garrafa-v1 File: C:/LSD/ProjFinal/LSDprojfinal/Fase_2/Display_Tam_Garrafa.vhd Line: 16
    Info (12023): Found entity 1: Display_Tam_Garrafa File: C:/LSD/ProjFinal/LSDprojfinal/Fase_2/Display_Tam_Garrafa.vhd Line: 4
Info (12021): Found 2 design units, including 1 entities, in source file fase2.vhd
    Info (12022): Found design unit 1: Fase2-shell File: C:/LSD/ProjFinal/LSDprojfinal/Fase_2/Fase2.vhd Line: 22
    Info (12023): Found entity 1: Fase2 File: C:/LSD/ProjFinal/LSDprojfinal/Fase_2/Fase2.vhd Line: 5
Info (12021): Found 2 design units, including 1 entities, in source file clkdividern.vhd
    Info (12022): Found design unit 1: ClkDividerN-RTL File: C:/LSD/ProjFinal/LSDprojfinal/Fase_2/ClkDividerN.vhd Line: 11
    Info (12023): Found entity 1: ClkDividerN File: C:/LSD/ProjFinal/LSDprojfinal/Fase_2/ClkDividerN.vhd Line: 5
Info (12021): Found 2 design units, including 1 entities, in source file display.vhd
    Info (12022): Found design unit 1: Display-v1 File: C:/LSD/ProjFinal/LSDprojfinal/Fase_2/Display.vhd Line: 18
    Info (12023): Found entity 1: Display File: C:/LSD/ProjFinal/LSDprojfinal/Fase_2/Display.vhd Line: 4
Info (12127): Elaborating entity "Fase2" for the top level hierarchy
Warning (10873): Using initial value X (don't care) for net "LEDR[17..1]" at Fase2.vhd(9) File: C:/LSD/ProjFinal/LSDprojfinal/Fase_2/Fase2.vhd Line: 9
Warning (10873): Using initial value X (don't care) for net "LEDG[6..0]" at Fase2.vhd(10) File: C:/LSD/ProjFinal/LSDprojfinal/Fase_2/Fase2.vhd Line: 10
Info (12129): Elaborating entity "ClkDividerN" using architecture "A:rtl" for hierarchy "ClkDividerN:u0" File: C:/LSD/ProjFinal/LSDprojfinal/Fase_2/Fase2.vhd Line: 38
Info (12129): Elaborating entity "Display" using architecture "A:v1" for hierarchy "Display:u1" File: C:/LSD/ProjFinal/LSDprojfinal/Fase_2/Fase2.vhd Line: 43
Info (12129): Elaborating entity "TimerFSM" using architecture "A:behavioral" for hierarchy "TimerFSM:u2" File: C:/LSD/ProjFinal/LSDprojfinal/Fase_2/Fase2.vhd Line: 56
Info (12129): Elaborating entity "Fase2FSM" using architecture "A:v1" for hierarchy "Fase2FSM:u3" File: C:/LSD/ProjFinal/LSDprojfinal/Fase_2/Fase2.vhd Line: 63
Info (12129): Elaborating entity "Display_Tam_Garrafa" using architecture "A:v1" for hierarchy "Display_Tam_Garrafa:u4" File: C:/LSD/ProjFinal/LSDprojfinal/Fase_2/Fase2.vhd Line: 78
Info (12129): Elaborating entity "Sel_Tam_Garrafa_FSM" using architecture "A:v1" for hierarchy "Sel_Tam_Garrafa_FSM:u5" File: C:/LSD/ProjFinal/LSDprojfinal/Fase_2/Fase2.vhd Line: 89
Info (12129): Elaborating entity "DebounceUnit" using architecture "A:behavioral" for hierarchy "DebounceUnit:u6" File: C:/LSD/ProjFinal/LSDprojfinal/Fase_2/Fase2.vhd Line: 99
Warning (13024): Output pins are stuck at VCC or GND
    Warning (13410): Pin "LEDR[1]" is stuck at GND File: C:/LSD/ProjFinal/LSDprojfinal/Fase_2/Fase2.vhd Line: 9
    Warning (13410): Pin "LEDR[2]" is stuck at GND File: C:/LSD/ProjFinal/LSDprojfinal/Fase_2/Fase2.vhd Line: 9
    Warning (13410): Pin "LEDR[3]" is stuck at GND File: C:/LSD/ProjFinal/LSDprojfinal/Fase_2/Fase2.vhd Line: 9
    Warning (13410): Pin "LEDR[4]" is stuck at GND File: C:/LSD/ProjFinal/LSDprojfinal/Fase_2/Fase2.vhd Line: 9
    Warning (13410): Pin "LEDR[5]" is stuck at GND File: C:/LSD/ProjFinal/LSDprojfinal/Fase_2/Fase2.vhd Line: 9
    Warning (13410): Pin "LEDR[6]" is stuck at GND File: C:/LSD/ProjFinal/LSDprojfinal/Fase_2/Fase2.vhd Line: 9
    Warning (13410): Pin "LEDR[7]" is stuck at GND File: C:/LSD/ProjFinal/LSDprojfinal/Fase_2/Fase2.vhd Line: 9
    Warning (13410): Pin "LEDR[8]" is stuck at GND File: C:/LSD/ProjFinal/LSDprojfinal/Fase_2/Fase2.vhd Line: 9
    Warning (13410): Pin "LEDR[9]" is stuck at GND File: C:/LSD/ProjFinal/LSDprojfinal/Fase_2/Fase2.vhd Line: 9
    Warning (13410): Pin "LEDR[10]" is stuck at GND File: C:/LSD/ProjFinal/LSDprojfinal/Fase_2/Fase2.vhd Line: 9
    Warning (13410): Pin "LEDR[11]" is stuck at GND File: C:/LSD/ProjFinal/LSDprojfinal/Fase_2/Fase2.vhd Line: 9
    Warning (13410): Pin "LEDR[12]" is stuck at GND File: C:/LSD/ProjFinal/LSDprojfinal/Fase_2/Fase2.vhd Line: 9
    Warning (13410): Pin "LEDR[13]" is stuck at GND File: C:/LSD/ProjFinal/LSDprojfinal/Fase_2/Fase2.vhd Line: 9
    Warning (13410): Pin "LEDR[14]" is stuck at GND File: C:/LSD/ProjFinal/LSDprojfinal/Fase_2/Fase2.vhd Line: 9
    Warning (13410): Pin "LEDR[15]" is stuck at GND File: C:/LSD/ProjFinal/LSDprojfinal/Fase_2/Fase2.vhd Line: 9
    Warning (13410): Pin "LEDR[16]" is stuck at GND File: C:/LSD/ProjFinal/LSDprojfinal/Fase_2/Fase2.vhd Line: 9
    Warning (13410): Pin "LEDR[17]" is stuck at GND File: C:/LSD/ProjFinal/LSDprojfinal/Fase_2/Fase2.vhd Line: 9
    Warning (13410): Pin "LEDG[0]" is stuck at GND File: C:/LSD/ProjFinal/LSDprojfinal/Fase_2/Fase2.vhd Line: 10
    Warning (13410): Pin "LEDG[1]" is stuck at GND File: C:/LSD/ProjFinal/LSDprojfinal/Fase_2/Fase2.vhd Line: 10
    Warning (13410): Pin "LEDG[2]" is stuck at GND File: C:/LSD/ProjFinal/LSDprojfinal/Fase_2/Fase2.vhd Line: 10
    Warning (13410): Pin "LEDG[3]" is stuck at GND File: C:/LSD/ProjFinal/LSDprojfinal/Fase_2/Fase2.vhd Line: 10
    Warning (13410): Pin "LEDG[4]" is stuck at GND File: C:/LSD/ProjFinal/LSDprojfinal/Fase_2/Fase2.vhd Line: 10
    Warning (13410): Pin "LEDG[5]" is stuck at GND File: C:/LSD/ProjFinal/LSDprojfinal/Fase_2/Fase2.vhd Line: 10
    Warning (13410): Pin "LEDG[6]" is stuck at GND File: C:/LSD/ProjFinal/LSDprojfinal/Fase_2/Fase2.vhd Line: 10
    Warning (13410): Pin "HEX4[0]" is stuck at VCC File: C:/LSD/ProjFinal/LSDprojfinal/Fase_2/Fase2.vhd Line: 15
    Warning (13410): Pin "HEX4[1]" is stuck at VCC File: C:/LSD/ProjFinal/LSDprojfinal/Fase_2/Fase2.vhd Line: 15
    Warning (13410): Pin "HEX4[2]" is stuck at VCC File: C:/LSD/ProjFinal/LSDprojfinal/Fase_2/Fase2.vhd Line: 15
    Warning (13410): Pin "HEX4[3]" is stuck at GND File: C:/LSD/ProjFinal/LSDprojfinal/Fase_2/Fase2.vhd Line: 15
    Warning (13410): Pin "HEX4[4]" is stuck at GND File: C:/LSD/ProjFinal/LSDprojfinal/Fase_2/Fase2.vhd Line: 15
    Warning (13410): Pin "HEX4[5]" is stuck at GND File: C:/LSD/ProjFinal/LSDprojfinal/Fase_2/Fase2.vhd Line: 15
    Warning (13410): Pin "HEX4[6]" is stuck at VCC File: C:/LSD/ProjFinal/LSDprojfinal/Fase_2/Fase2.vhd Line: 15
    Warning (13410): Pin "HEX5[3]" is stuck at GND File: C:/LSD/ProjFinal/LSDprojfinal/Fase_2/Fase2.vhd Line: 16
    Warning (13410): Pin "HEX5[4]" is stuck at GND File: C:/LSD/ProjFinal/LSDprojfinal/Fase_2/Fase2.vhd Line: 16
    Warning (13410): Pin "HEX6[0]" is stuck at GND File: C:/LSD/ProjFinal/LSDprojfinal/Fase_2/Fase2.vhd Line: 17
    Warning (13410): Pin "HEX6[2]" is stuck at GND File: C:/LSD/ProjFinal/LSDprojfinal/Fase_2/Fase2.vhd Line: 17
    Warning (13410): Pin "HEX6[3]" is stuck at GND File: C:/LSD/ProjFinal/LSDprojfinal/Fase_2/Fase2.vhd Line: 17
Info (286030): Timing-Driven Synthesis is running
Info (16010): Generating hard_block partition "hard_block:auto_generated_inst"
    Info (16011): Adding 0 node(s), including 0 DDIO, 0 PLL, 0 transceiver and 0 LCELL
Warning (21074): Design contains 16 input pin(s) that do not drive logic
    Warning (15610): No output dependent on input pin "SW[1]" File: C:/LSD/ProjFinal/LSDprojfinal/Fase_2/Fase2.vhd Line: 7
    Warning (15610): No output dependent on input pin "SW[2]" File: C:/LSD/ProjFinal/LSDprojfinal/Fase_2/Fase2.vhd Line: 7
    Warning (15610): No output dependent on input pin "SW[3]" File: C:/LSD/ProjFinal/LSDprojfinal/Fase_2/Fase2.vhd Line: 7
    Warning (15610): No output dependent on input pin "SW[4]" File: C:/LSD/ProjFinal/LSDprojfinal/Fase_2/Fase2.vhd Line: 7
    Warning (15610): No output dependent on input pin "SW[5]" File: C:/LSD/ProjFinal/LSDprojfinal/Fase_2/Fase2.vhd Line: 7
    Warning (15610): No output dependent on input pin "SW[6]" File: C:/LSD/ProjFinal/LSDprojfinal/Fase_2/Fase2.vhd Line: 7
    Warning (15610): No output dependent on input pin "SW[7]" File: C:/LSD/ProjFinal/LSDprojfinal/Fase_2/Fase2.vhd Line: 7
    Warning (15610): No output dependent on input pin "SW[8]" File: C:/LSD/ProjFinal/LSDprojfinal/Fase_2/Fase2.vhd Line: 7
    Warning (15610): No output dependent on input pin "SW[9]" File: C:/LSD/ProjFinal/LSDprojfinal/Fase_2/Fase2.vhd Line: 7
    Warning (15610): No output dependent on input pin "SW[10]" File: C:/LSD/ProjFinal/LSDprojfinal/Fase_2/Fase2.vhd Line: 7
    Warning (15610): No output dependent on input pin "SW[11]" File: C:/LSD/ProjFinal/LSDprojfinal/Fase_2/Fase2.vhd Line: 7
    Warning (15610): No output dependent on input pin "SW[12]" File: C:/LSD/ProjFinal/LSDprojfinal/Fase_2/Fase2.vhd Line: 7
    Warning (15610): No output dependent on input pin "SW[13]" File: C:/LSD/ProjFinal/LSDprojfinal/Fase_2/Fase2.vhd Line: 7
    Warning (15610): No output dependent on input pin "SW[14]" File: C:/LSD/ProjFinal/LSDprojfinal/Fase_2/Fase2.vhd Line: 7
    Warning (15610): No output dependent on input pin "KEY[2]" File: C:/LSD/ProjFinal/LSDprojfinal/Fase_2/Fase2.vhd Line: 8
    Warning (15610): No output dependent on input pin "KEY[3]" File: C:/LSD/ProjFinal/LSDprojfinal/Fase_2/Fase2.vhd Line: 8
Info (21057): Implemented 398 device resources after synthesis - the final resource count might be different
    Info (21058): Implemented 23 input pins
    Info (21059): Implemented 82 output pins
    Info (21061): Implemented 293 logic cells
Info: Quartus Prime Analysis & Synthesis was successful. 0 errors, 57 warnings
    Info: Peak virtual memory: 4789 megabytes
    Info: Processing ended: Wed Jun 16 10:36:04 2021
    Info: Elapsed time: 00:00:11
    Info: Total CPU time (on all processors): 00:00:22


