Flow report for ProjFinalFase1
Wed Jun 09 18:33:50 2021
Quartus Prime Version 17.1.0 Build 590 10/25/2017 SJ Lite Edition


---------------------
; Table of Contents ;
---------------------
  1. Legal Notice
  2. Flow Summary
  3. Flow Settings
  4. Flow Non-Default Global Settings
  5. Flow Elapsed Time
  6. Flow OS Summary
  7. Flow Log
  8. Flow Messages
  9. Flow Suppressed Messages



----------------
; Legal Notice ;
----------------
Copyright (C) 2017  Intel Corporation. All rights reserved.
Your use of Intel Corporation's design tools, logic functions 
and other software and tools, and its AMPP partner logic 
functions, and any output files from any of the foregoing 
(including device programming or simulation files), and any 
associated documentation or information are expressly subject 
to the terms and conditions of the Intel Program License 
Subscription Agreement, the Intel Quartus Prime License Agreement,
the Intel FPGA IP License Agreement, or other applicable license
agreement, including, without limitation, that your use is for
the sole purpose of programming logic devices manufactured by
Intel and sold by Intel or its authorized distributors.  Please
refer to the applicable agreement for further details.



+----------------------------------------------------------------------------------+
; Flow Summary                                                                     ;
+------------------------------------+---------------------------------------------+
; Flow Status                        ; Successful - Wed Jun 09 18:33:50 2021       ;
; Quartus Prime Version              ; 17.1.0 Build 590 10/25/2017 SJ Lite Edition ;
; Revision Name                      ; ProjFinalFase1                              ;
; Top-level Entity Name              ; Fase1                                       ;
; Family                             ; Cyclone IV E                                ;
; Device                             ; EP4CE115F29C7                               ;
; Timing Models                      ; Final                                       ;
; Total logic elements               ; 109 / 114,480 ( < 1 % )                     ;
;     Total combinational functions  ; 102 / 114,480 ( < 1 % )                     ;
;     Dedicated logic registers      ; 70 / 114,480 ( < 1 % )                      ;
; Total registers                    ; 70                                          ;
; Total pins                         ; 77 / 529 ( 15 % )                           ;
; Total virtual pins                 ; 0                                           ;
; Total memory bits                  ; 0 / 3,981,312 ( 0 % )                       ;
; Embedded Multiplier 9-bit elements ; 0 / 532 ( 0 % )                             ;
; Total PLLs                         ; 0 / 4 ( 0 % )                               ;
+------------------------------------+---------------------------------------------+


+-----------------------------------------+
; Flow Settings                           ;
+-------------------+---------------------+
; Option            ; Setting             ;
+-------------------+---------------------+
; Start date & time ; 06/09/2021 18:29:07 ;
; Main task         ; Compilation         ;
; Revision Name     ; ProjFinalFase1      ;
+-------------------+---------------------+


+------------------------------------------------------------------------------------------------------------------------------+
; Flow Non-Default Global Settings                                                                                             ;
+-------------------------------------+----------------------------------------+----------------+-------------+----------------+
; Assignment Name                     ; Value                                  ; Default Value  ; Entity Name ; Section Id     ;
+-------------------------------------+----------------------------------------+----------------+-------------+----------------+
; COMPILER_SIGNATURE_ID               ; 1099198767985.162325974711956          ; --             ; --          ; --             ;
; EDA_OUTPUT_DATA_FORMAT              ; Vhdl                                   ; --             ; --          ; eda_simulation ;
; EDA_SIMULATION_TOOL                 ; ModelSim-Altera (VHDL)                 ; <None>         ; --          ; --             ;
; EDA_TIME_SCALE                      ; 1 ps                                   ; --             ; --          ; eda_simulation ;
; MAX_CORE_JUNCTION_TEMP              ; 85                                     ; --             ; --          ; --             ;
; MIN_CORE_JUNCTION_TEMP              ; 0                                      ; --             ; --          ; --             ;
; NOMINAL_CORE_SUPPLY_VOLTAGE         ; 1.2V                                   ; --             ; --          ; --             ;
; PARTITION_COLOR                     ; -- (Not supported for targeted family) ; --             ; Fase1       ; Top            ;
; PARTITION_FITTER_PRESERVATION_LEVEL ; -- (Not supported for targeted family) ; --             ; Fase1       ; Top            ;
; PARTITION_NETLIST_TYPE              ; -- (Not supported for targeted family) ; --             ; Fase1       ; Top            ;
; PROJECT_OUTPUT_DIRECTORY            ; output_files                           ; --             ; --          ; --             ;
; TOP_LEVEL_ENTITY                    ; Fase1                                  ; ProjFinalFase1 ; --          ; --             ;
+-------------------------------------+----------------------------------------+----------------+-------------+----------------+


+-------------------------------------------------------------------------------------------------------------------------------+
; Flow Elapsed Time                                                                                                             ;
+---------------------------+--------------+-------------------------+---------------------+------------------------------------+
; Module Name               ; Elapsed Time ; Average Processors Used ; Peak Virtual Memory ; Total CPU Time (on all processors) ;
+---------------------------+--------------+-------------------------+---------------------+------------------------------------+
; Analysis & Synthesis      ; 00:00:19     ; 1.0                     ; 4788 MB             ; 00:00:43                           ;
; Fitter                    ; 00:00:29     ; 1.0                     ; 5690 MB             ; 00:00:37                           ;
; Assembler                 ; 00:00:04     ; 1.0                     ; 4676 MB             ; 00:00:04                           ;
; TimeQuest Timing Analyzer ; 00:00:04     ; 1.0                     ; 4836 MB             ; 00:00:03                           ;
; EDA Netlist Writer        ; 00:00:01     ; 1.0                     ; 4649 MB             ; 00:00:02                           ;
; EDA Netlist Writer        ; 00:00:01     ; 1.0                     ; 4628 MB             ; 00:00:01                           ;
; EDA Netlist Writer        ; 00:00:01     ; 1.0                     ; 4628 MB             ; 00:00:01                           ;
; EDA Netlist Writer        ; 00:00:01     ; 1.0                     ; 4637 MB             ; 00:00:01                           ;
; Total                     ; 00:01:00     ; --                      ; --                  ; 00:01:32                           ;
+---------------------------+--------------+-------------------------+---------------------+------------------------------------+


+-----------------------------------------------------------------------------------------+
; Flow OS Summary                                                                         ;
+---------------------------+------------------+------------+------------+----------------+
; Module Name               ; Machine Hostname ; OS Name    ; OS Version ; Processor type ;
+---------------------------+------------------+------------+------------+----------------+
; Analysis & Synthesis      ; LAPTOP-5M5A0A13  ; Windows 10 ; 10.0       ; x86_64         ;
; Fitter                    ; LAPTOP-5M5A0A13  ; Windows 10 ; 10.0       ; x86_64         ;
; Assembler                 ; LAPTOP-5M5A0A13  ; Windows 10 ; 10.0       ; x86_64         ;
; TimeQuest Timing Analyzer ; LAPTOP-5M5A0A13  ; Windows 10 ; 10.0       ; x86_64         ;
; EDA Netlist Writer        ; LAPTOP-5M5A0A13  ; Windows 10 ; 10.0       ; x86_64         ;
; EDA Netlist Writer        ; LAPTOP-5M5A0A13  ; Windows 10 ; 10.0       ; x86_64         ;
; EDA Netlist Writer        ; LAPTOP-5M5A0A13  ; Windows 10 ; 10.0       ; x86_64         ;
; EDA Netlist Writer        ; LAPTOP-5M5A0A13  ; Windows 10 ; 10.0       ; x86_64         ;
+---------------------------+------------------+------------+------------+----------------+


------------
; Flow Log ;
------------
quartus_map --read_settings_files=on --write_settings_files=off ProjFinalFase1 -c ProjFinalFase1
quartus_fit --read_settings_files=off --write_settings_files=off ProjFinalFase1 -c ProjFinalFase1
quartus_asm --read_settings_files=off --write_settings_files=off ProjFinalFase1 -c ProjFinalFase1
quartus_sta ProjFinalFase1 -c ProjFinalFase1
quartus_eda --read_settings_files=off --write_settings_files=off ProjFinalFase1 -c ProjFinalFase1
quartus_eda --gen_testbench --tool=modelsim_oem --format=vhdl --write_settings_files=off ProjFinalFase1 -c ProjFinalFase1 --vector_source=C:/LSD/ProjFinal/LSDprojfinal/Fase_1/Waveform.vwf --testbench_file=C:/LSD/ProjFinal/LSDprojfinal/Fase_1/simulation/qsim/Waveform.vwf.vht
quartus_eda --gen_testbench --tool=modelsim_oem --format=vhdl --write_settings_files=off ProjFinalFase1 -c ProjFinalFase1 --vector_source=C:/LSD/ProjFinal/LSDprojfinal/Fase_1/TEST1.vwf --testbench_file=C:/LSD/ProjFinal/LSDprojfinal/Fase_1/simulation/qsim/TEST1.vwf.vht
quartus_eda --write_settings_files=off --simulation=on --functional=on --flatten_buses=off --tool=modelsim_oem --format=vhdl --output_directory=C:/LSD/ProjFinal/LSDprojfinal/Fase_1/simulation/qsim/ ProjFinalFase1 -c ProjFinalFase1



