Analysis & Synthesis report for ProjFinalFase1
Wed Jun 09 13:50:35 2021
Quartus Prime Version 17.1.0 Build 590 10/25/2017 SJ Lite Edition


---------------------
; Table of Contents ;
---------------------
  1. Legal Notice
  2. Analysis & Synthesis Summary
  3. Analysis & Synthesis Settings
  4. Parallel Compilation
  5. Analysis & Synthesis Source Files Read
  6. Analysis & Synthesis Resource Usage Summary
  7. Analysis & Synthesis Resource Utilization by Entity
  8. State Machine - |Fase1|Fase1FSM:u3|s_state
  9. User-Specified and Inferred Latches
 10. Registers Removed During Synthesis
 11. General Register Statistics
 12. Inverted Register Statistics
 13. Multiplexer Restructuring Statistics (Restructuring Performed)
 14. Port Connectivity Checks: "Fase1FSM:u3"
 15. Port Connectivity Checks: "FreqDivider:u0"
 16. Post-Synthesis Netlist Statistics for Top Partition
 17. Elapsed Time Per Partition
 18. Analysis & Synthesis Messages



----------------
; Legal Notice ;
----------------
Copyright (C) 2017  Intel Corporation. All rights reserved.
Your use of Intel Corporation's design tools, logic functions 
and other software and tools, and its AMPP partner logic 
functions, and any output files from any of the foregoing 
(including device programming or simulation files), and any 
associated documentation or information are expressly subject 
to the terms and conditions of the Intel Program License 
Subscription Agreement, the Intel Quartus Prime License Agreement,
the Intel FPGA IP License Agreement, or other applicable license
agreement, including, without limitation, that your use is for
the sole purpose of programming logic devices manufactured by
Intel and sold by Intel or its authorized distributors.  Please
refer to the applicable agreement for further details.



+----------------------------------------------------------------------------------+
; Analysis & Synthesis Summary                                                     ;
+------------------------------------+---------------------------------------------+
; Analysis & Synthesis Status        ; Successful - Wed Jun 09 13:50:35 2021       ;
; Quartus Prime Version              ; 17.1.0 Build 590 10/25/2017 SJ Lite Edition ;
; Revision Name                      ; ProjFinalFase1                              ;
; Top-level Entity Name              ; Fase1                                       ;
; Family                             ; Cyclone IV E                                ;
; Total logic elements               ; 87                                          ;
;     Total combinational functions  ; 84                                          ;
;     Dedicated logic registers      ; 51                                          ;
; Total registers                    ; 51                                          ;
; Total pins                         ; 77                                          ;
; Total virtual pins                 ; 0                                           ;
; Total memory bits                  ; 0                                           ;
; Embedded Multiplier 9-bit elements ; 0                                           ;
; Total PLLs                         ; 0                                           ;
+------------------------------------+---------------------------------------------+


+----------------------------------------------------------------------------------------------------------------------+
; Analysis & Synthesis Settings                                                                                        ;
+----------------------------------------------------------------------------+--------------------+--------------------+
; Option                                                                     ; Setting            ; Default Value      ;
+----------------------------------------------------------------------------+--------------------+--------------------+
; Device                                                                     ; EP4CE115F29C7      ;                    ;
; Top-level entity name                                                      ; Fase1              ; ProjFinalFase1     ;
; Family name                                                                ; Cyclone IV E       ; Cyclone V          ;
; Use smart compilation                                                      ; Off                ; Off                ;
; Enable parallel Assembler and TimeQuest Timing Analyzer during compilation ; On                 ; On                 ;
; Enable compact report table                                                ; Off                ; Off                ;
; Restructure Multiplexers                                                   ; Auto               ; Auto               ;
; Create Debugging Nodes for IP Cores                                        ; Off                ; Off                ;
; Preserve fewer node names                                                  ; On                 ; On                 ;
; Intel FPGA IP Evaluation Mode                                              ; Enable             ; Enable             ;
; Verilog Version                                                            ; Verilog_2001       ; Verilog_2001       ;
; VHDL Version                                                               ; VHDL_1993          ; VHDL_1993          ;
; State Machine Processing                                                   ; Auto               ; Auto               ;
; Safe State Machine                                                         ; Off                ; Off                ;
; Extract Verilog State Machines                                             ; On                 ; On                 ;
; Extract VHDL State Machines                                                ; On                 ; On                 ;
; Ignore Verilog initial constructs                                          ; Off                ; Off                ;
; Iteration limit for constant Verilog loops                                 ; 5000               ; 5000               ;
; Iteration limit for non-constant Verilog loops                             ; 250                ; 250                ;
; Add Pass-Through Logic to Inferred RAMs                                    ; On                 ; On                 ;
; Infer RAMs from Raw Logic                                                  ; On                 ; On                 ;
; Parallel Synthesis                                                         ; On                 ; On                 ;
; DSP Block Balancing                                                        ; Auto               ; Auto               ;
; NOT Gate Push-Back                                                         ; On                 ; On                 ;
; Power-Up Don't Care                                                        ; On                 ; On                 ;
; Remove Redundant Logic Cells                                               ; Off                ; Off                ;
; Remove Duplicate Registers                                                 ; On                 ; On                 ;
; Ignore CARRY Buffers                                                       ; Off                ; Off                ;
; Ignore CASCADE Buffers                                                     ; Off                ; Off                ;
; Ignore GLOBAL Buffers                                                      ; Off                ; Off                ;
; Ignore ROW GLOBAL Buffers                                                  ; Off                ; Off                ;
; Ignore LCELL Buffers                                                       ; Off                ; Off                ;
; Ignore SOFT Buffers                                                        ; On                 ; On                 ;
; Limit AHDL Integers to 32 Bits                                             ; Off                ; Off                ;
; Optimization Technique                                                     ; Balanced           ; Balanced           ;
; Carry Chain Length                                                         ; 70                 ; 70                 ;
; Auto Carry Chains                                                          ; On                 ; On                 ;
; Auto Open-Drain Pins                                                       ; On                 ; On                 ;
; Perform WYSIWYG Primitive Resynthesis                                      ; Off                ; Off                ;
; Auto ROM Replacement                                                       ; On                 ; On                 ;
; Auto RAM Replacement                                                       ; On                 ; On                 ;
; Auto DSP Block Replacement                                                 ; On                 ; On                 ;
; Auto Shift Register Replacement                                            ; Auto               ; Auto               ;
; Allow Shift Register Merging across Hierarchies                            ; Auto               ; Auto               ;
; Auto Clock Enable Replacement                                              ; On                 ; On                 ;
; Strict RAM Replacement                                                     ; Off                ; Off                ;
; Allow Synchronous Control Signals                                          ; On                 ; On                 ;
; Force Use of Synchronous Clear Signals                                     ; Off                ; Off                ;
; Auto RAM Block Balancing                                                   ; On                 ; On                 ;
; Auto RAM to Logic Cell Conversion                                          ; Off                ; Off                ;
; Auto Resource Sharing                                                      ; Off                ; Off                ;
; Allow Any RAM Size For Recognition                                         ; Off                ; Off                ;
; Allow Any ROM Size For Recognition                                         ; Off                ; Off                ;
; Allow Any Shift Register Size For Recognition                              ; Off                ; Off                ;
; Use LogicLock Constraints during Resource Balancing                        ; On                 ; On                 ;
; Ignore translate_off and synthesis_off directives                          ; Off                ; Off                ;
; Timing-Driven Synthesis                                                    ; On                 ; On                 ;
; Report Parameter Settings                                                  ; On                 ; On                 ;
; Report Source Assignments                                                  ; On                 ; On                 ;
; Report Connectivity Checks                                                 ; On                 ; On                 ;
; Ignore Maximum Fan-Out Assignments                                         ; Off                ; Off                ;
; Synchronization Register Chain Length                                      ; 2                  ; 2                  ;
; Power Optimization During Synthesis                                        ; Normal compilation ; Normal compilation ;
; HDL message level                                                          ; Level2             ; Level2             ;
; Suppress Register Optimization Related Messages                            ; Off                ; Off                ;
; Number of Removed Registers Reported in Synthesis Report                   ; 5000               ; 5000               ;
; Number of Swept Nodes Reported in Synthesis Report                         ; 5000               ; 5000               ;
; Number of Inverted Registers Reported in Synthesis Report                  ; 100                ; 100                ;
; Clock MUX Protection                                                       ; On                 ; On                 ;
; Auto Gated Clock Conversion                                                ; Off                ; Off                ;
; Block Design Naming                                                        ; Auto               ; Auto               ;
; SDC constraint protection                                                  ; Off                ; Off                ;
; Synthesis Effort                                                           ; Auto               ; Auto               ;
; Shift Register Replacement - Allow Asynchronous Clear Signal               ; On                 ; On                 ;
; Pre-Mapping Resynthesis Optimization                                       ; Off                ; Off                ;
; Analysis & Synthesis Message Level                                         ; Medium             ; Medium             ;
; Disable Register Merging Across Hierarchies                                ; Auto               ; Auto               ;
; Resource Aware Inference For Block RAM                                     ; On                 ; On                 ;
+----------------------------------------------------------------------------+--------------------+--------------------+


+------------------------------------------+
; Parallel Compilation                     ;
+----------------------------+-------------+
; Processors                 ; Number      ;
+----------------------------+-------------+
; Number detected on machine ; 8           ;
; Maximum allowed            ; 4           ;
;                            ;             ;
; Average used               ; 1.00        ;
; Maximum used               ; 4           ;
;                            ;             ;
; Usage by Processor         ; % Time Used ;
;     Processor 1            ; 100.0%      ;
;     Processors 2-4         ;   0.0%      ;
+----------------------------+-------------+


+---------------------------------------------------------------------------------------------------------------------------------------+
; Analysis & Synthesis Source Files Read                                                                                                ;
+----------------------------------+-----------------+-----------------+------------------------------------------------------+---------+
; File Name with User-Entered Path ; Used in Netlist ; File Type       ; File Name with Absolute Path                         ; Library ;
+----------------------------------+-----------------+-----------------+------------------------------------------------------+---------+
; Fase1.vhd                        ; yes             ; User VHDL File  ; C:/LSD/ProjFinal/LSDprojfinal/Fase_1/Fase1.vhd       ;         ;
; FreqDivider.vhd                  ; yes             ; User VHDL File  ; C:/LSD/ProjFinal/LSDprojfinal/Fase_1/FreqDivider.vhd ;         ;
; Fase1FSM.vhd                     ; yes             ; User VHDL File  ; C:/LSD/ProjFinal/LSDprojfinal/Fase_1/Fase1FSM.vhd    ;         ;
; TimerFSM.vhd                     ; yes             ; User VHDL File  ; C:/LSD/ProjFinal/LSDprojfinal/Fase_1/TimerFSM.vhd    ;         ;
; OlaIntermit.vhd                  ; yes             ; User VHDL File  ; C:/LSD/ProjFinal/LSDprojfinal/Fase_1/OlaIntermit.vhd ;         ;
+----------------------------------+-----------------+-----------------+------------------------------------------------------+---------+


+--------------------------------------------------------------+
; Analysis & Synthesis Resource Usage Summary                  ;
+---------------------------------------------+----------------+
; Resource                                    ; Usage          ;
+---------------------------------------------+----------------+
; Estimated Total logic elements              ; 87             ;
;                                             ;                ;
; Total combinational functions               ; 84             ;
; Logic element usage by number of LUT inputs ;                ;
;     -- 4 input functions                    ; 26             ;
;     -- 3 input functions                    ; 13             ;
;     -- <=2 input functions                  ; 45             ;
;                                             ;                ;
; Logic elements by mode                      ;                ;
;     -- normal mode                          ; 46             ;
;     -- arithmetic mode                      ; 38             ;
;                                             ;                ;
; Total registers                             ; 51             ;
;     -- Dedicated logic registers            ; 51             ;
;     -- I/O registers                        ; 0              ;
;                                             ;                ;
; I/O pins                                    ; 77             ;
;                                             ;                ;
; Embedded Multiplier 9-bit elements          ; 0              ;
;                                             ;                ;
; Maximum fan-out node                        ; CLOCK_50~input ;
; Maximum fan-out                             ; 51             ;
; Total fan-out                               ; 466            ;
; Average fan-out                             ; 1.61           ;
+---------------------------------------------+----------------+


+------------------------------------------------------------------------------------------------------------------------------------------------------------------------------------------------------------+
; Analysis & Synthesis Resource Utilization by Entity                                                                                                                                                        ;
+----------------------------+---------------------+---------------------------+-------------+--------------+---------+-----------+------+--------------+-----------------------+-------------+--------------+
; Compilation Hierarchy Node ; Combinational ALUTs ; Dedicated Logic Registers ; Memory Bits ; DSP Elements ; DSP 9x9 ; DSP 18x18 ; Pins ; Virtual Pins ; Full Hierarchy Name   ; Entity Name ; Library Name ;
+----------------------------+---------------------+---------------------------+-------------+--------------+---------+-----------+------+--------------+-----------------------+-------------+--------------+
; |Fase1                     ; 84 (0)              ; 51 (0)                    ; 0           ; 0            ; 0       ; 0         ; 77   ; 0            ; |Fase1                ; Fase1       ; work         ;
;    |Fase1FSM:u3|           ; 8 (8)               ; 9 (9)                     ; 0           ; 0            ; 0       ; 0         ; 0    ; 0            ; |Fase1|Fase1FSM:u3    ; Fase1FSM    ; work         ;
;    |FreqDivider:u0|        ; 55 (55)             ; 33 (33)                   ; 0           ; 0            ; 0       ; 0         ; 0    ; 0            ; |Fase1|FreqDivider:u0 ; FreqDivider ; work         ;
;    |OlaIntermit:u1|        ; 1 (1)               ; 0 (0)                     ; 0           ; 0            ; 0       ; 0         ; 0    ; 0            ; |Fase1|OlaIntermit:u1 ; OlaIntermit ; work         ;
;    |TimerFSM:u2|           ; 20 (20)             ; 9 (9)                     ; 0           ; 0            ; 0       ; 0         ; 0    ; 0            ; |Fase1|TimerFSM:u2    ; TimerFSM    ; work         ;
+----------------------------+---------------------+---------------------------+-------------+--------------+---------+-----------+------+--------------+-----------------------+-------------+--------------+
Note: For table entries with two numbers listed, the numbers in parentheses indicate the number of resources of the given type used by the specific entity alone. The numbers listed outside of parentheses indicate the total resources of the given type used by the specific entity and all of its sub-entities in the hierarchy.


Encoding Type:  One-Hot
+----------------------------------------------------------------+
; State Machine - |Fase1|Fase1FSM:u3|s_state                     ;
+------------+------------+------------+------------+------------+
; Name       ; s_state.E3 ; s_state.E2 ; s_state.E1 ; s_state.E0 ;
+------------+------------+------------+------------+------------+
; s_state.E0 ; 0          ; 0          ; 0          ; 0          ;
; s_state.E1 ; 0          ; 0          ; 1          ; 1          ;
; s_state.E2 ; 0          ; 1          ; 0          ; 1          ;
; s_state.E3 ; 1          ; 0          ; 0          ; 1          ;
+------------+------------+------------+------------+------------+


+---------------------------------------------------------------------------------------------------+
; User-Specified and Inferred Latches                                                               ;
+----------------------------------------------------+---------------------+------------------------+
; Latch Name                                         ; Latch Enable Signal ; Free of Timing Hazards ;
+----------------------------------------------------+---------------------+------------------------+
; OlaIntermit:u1|visor_uni[3]                        ; Fase1FSM:u3|ola     ; yes                    ;
; OlaIntermit:u1|visor_dez[0]                        ; Fase1FSM:u3|ola     ; yes                    ;
; OlaIntermit:u1|visor_dez[1]                        ; Fase1FSM:u3|ola     ; yes                    ;
; OlaIntermit:u1|visor_dez[2]                        ; Fase1FSM:u3|ola     ; yes                    ;
; OlaIntermit:u1|visor_dez[6]                        ; Fase1FSM:u3|ola     ; yes                    ;
; OlaIntermit:u1|visor_cen[6]                        ; Fase1FSM:u3|ola     ; yes                    ;
; Number of user-specified and inferred latches = 6  ;                     ;                        ;
+----------------------------------------------------+---------------------+------------------------+
Note: All latches listed above may not be present at the end of synthesis due to various synthesis optimizations.


+--------------------------------------------------------------------------------+
; Registers Removed During Synthesis                                             ;
+---------------------------------------+----------------------------------------+
; Register name                         ; Reason for Removal                     ;
+---------------------------------------+----------------------------------------+
; Fase1FSM:u3|timeVal[0]                ; Stuck at GND due to stuck port data_in ;
; Fase1FSM:u3|timeVal[2]                ; Stuck at VCC due to stuck port data_in ;
; Fase1FSM:u3|timeVal[3..7]             ; Stuck at GND due to stuck port data_in ;
; Total Number of Removed Registers = 7 ;                                        ;
+---------------------------------------+----------------------------------------+


+------------------------------------------------------+
; General Register Statistics                          ;
+----------------------------------------------+-------+
; Statistic                                    ; Value ;
+----------------------------------------------+-------+
; Total registers                              ; 51    ;
; Number of registers using Synchronous Clear  ; 36    ;
; Number of registers using Synchronous Load   ; 0     ;
; Number of registers using Asynchronous Clear ; 0     ;
; Number of registers using Asynchronous Load  ; 0     ;
; Number of registers using Clock Enable       ; 13    ;
; Number of registers using Preset             ; 0     ;
+----------------------------------------------+-------+


+--------------------------------------------------+
; Inverted Register Statistics                     ;
+----------------------------------------+---------+
; Inverted Register                      ; Fan out ;
+----------------------------------------+---------+
; TimerFSM:u2|s_counter[0]               ; 2       ;
; TimerFSM:u2|s_counter[1]               ; 2       ;
; TimerFSM:u2|s_counter[2]               ; 2       ;
; TimerFSM:u2|s_counter[3]               ; 2       ;
; TimerFSM:u2|s_counter[4]               ; 2       ;
; TimerFSM:u2|s_counter[5]               ; 2       ;
; TimerFSM:u2|s_counter[6]               ; 2       ;
; TimerFSM:u2|s_counter[7]               ; 2       ;
; Total number of inverted registers = 8 ;         ;
+----------------------------------------+---------+


+-----------------------------------------------------------------------------------------------------------------------------------------------+
; Multiplexer Restructuring Statistics (Restructuring Performed)                                                                                ;
+--------------------+-----------+---------------+----------------------+------------------------+------------+---------------------------------+
; Multiplexer Inputs ; Bus Width ; Baseline Area ; Area if Restructured ; Saving if Restructured ; Registered ; Example Multiplexer Output      ;
+--------------------+-----------+---------------+----------------------+------------------------+------------+---------------------------------+
; 4:1                ; 6 bits    ; 12 LEs        ; 12 LEs               ; 0 LEs                  ; Yes        ; |Fase1|TimerFSM:u2|s_counter[0] ;
; 4:1                ; 2 bits    ; 4 LEs         ; 4 LEs                ; 0 LEs                  ; Yes        ; |Fase1|TimerFSM:u2|s_counter[1] ;
+--------------------+-----------+---------------+----------------------+------------------------+------------+---------------------------------+


+----------------------------------------------------------------------------------------------------------------+
; Port Connectivity Checks: "Fase1FSM:u3"                                                                        ;
+------+--------+----------+-------------------------------------------------------------------------------------+
; Port ; Type   ; Severity ; Details                                                                             ;
+------+--------+----------+-------------------------------------------------------------------------------------+
; epro ; Output ; Info     ; Connected to dangling logic. Logic that only feeds a dangling port will be removed. ;
; coca ; Output ; Info     ; Connected to dangling logic. Logic that only feeds a dangling port will be removed. ;
; agua ; Output ; Info     ; Connected to dangling logic. Logic that only feeds a dangling port will be removed. ;
; slar ; Output ; Info     ; Connected to dangling logic. Logic that only feeds a dangling port will be removed. ;
+------+--------+----------+-------------------------------------------------------------------------------------+


+---------------------------------------------+
; Port Connectivity Checks: "FreqDivider:u0"  ;
+-----------+-------+----------+--------------+
; Port      ; Type  ; Severity ; Details      ;
+-----------+-------+----------+--------------+
; k[19..18] ; Input ; Info     ; Stuck at VCC ;
; k[9..8]   ; Input ; Info     ; Stuck at VCC ;
; k[31..23] ; Input ; Info     ; Stuck at GND ;
; k[21..20] ; Input ; Info     ; Stuck at GND ;
; k[17..15] ; Input ; Info     ; Stuck at GND ;
; k[13..12] ; Input ; Info     ; Stuck at GND ;
; k[5..0]   ; Input ; Info     ; Stuck at GND ;
; k[22]     ; Input ; Info     ; Stuck at VCC ;
; k[14]     ; Input ; Info     ; Stuck at VCC ;
; k[11]     ; Input ; Info     ; Stuck at VCC ;
; k[10]     ; Input ; Info     ; Stuck at GND ;
; k[7]      ; Input ; Info     ; Stuck at GND ;
; k[6]      ; Input ; Info     ; Stuck at VCC ;
+-----------+-------+----------+--------------+


+-----------------------------------------------------+
; Post-Synthesis Netlist Statistics for Top Partition ;
+-----------------------+-----------------------------+
; Type                  ; Count                       ;
+-----------------------+-----------------------------+
; boundary_port         ; 77                          ;
; cycloneiii_ff         ; 51                          ;
;     ENA               ; 13                          ;
;     SCLR              ; 36                          ;
;     plain             ; 2                           ;
; cycloneiii_lcell_comb ; 86                          ;
;     arith             ; 38                          ;
;         2 data inputs ; 38                          ;
;     normal            ; 48                          ;
;         0 data inputs ; 2                           ;
;         1 data inputs ; 3                           ;
;         2 data inputs ; 4                           ;
;         3 data inputs ; 13                          ;
;         4 data inputs ; 26                          ;
;                       ;                             ;
; Max LUT depth         ; 7.00                        ;
; Average LUT depth     ; 3.32                        ;
+-----------------------+-----------------------------+


+-------------------------------+
; Elapsed Time Per Partition    ;
+----------------+--------------+
; Partition Name ; Elapsed Time ;
+----------------+--------------+
; Top            ; 00:00:01     ;
+----------------+--------------+


+-------------------------------+
; Analysis & Synthesis Messages ;
+-------------------------------+
Info: *******************************************************************
Info: Running Quartus Prime Analysis & Synthesis
    Info: Version 17.1.0 Build 590 10/25/2017 SJ Lite Edition
    Info: Processing started: Wed Jun 09 13:50:15 2021
Info: Command: quartus_map --read_settings_files=on --write_settings_files=off ProjFinalFase1 -c ProjFinalFase1
Warning (18236): Number of processors has not been specified which may cause overloading on shared machines.  Set the global assignment NUM_PARALLEL_PROCESSORS in your QSF to an appropriate value for best performance.
Info (20030): Parallel compilation is enabled and will use 4 of the 4 processors detected
Info (12021): Found 2 design units, including 1 entities, in source file fase1.vhd
    Info (12022): Found design unit 1: Fase1-shell File: C:/LSD/ProjFinal/LSDprojfinal/Fase_1/Fase1.vhd Line: 18
    Info (12023): Found entity 1: Fase1 File: C:/LSD/ProjFinal/LSDprojfinal/Fase_1/Fase1.vhd Line: 5
Info (12021): Found 2 design units, including 1 entities, in source file debounceunit.vhd
    Info (12022): Found design unit 1: DebounceUnit-Behavioral File: C:/LSD/ProjFinal/LSDprojfinal/Fase_1/DebounceUnit.vhd Line: 15
    Info (12023): Found entity 1: DebounceUnit File: C:/LSD/ProjFinal/LSDprojfinal/Fase_1/DebounceUnit.vhd Line: 5
Info (12021): Found 2 design units, including 1 entities, in source file freqdivider.vhd
    Info (12022): Found design unit 1: FreqDivider-v1 File: C:/LSD/ProjFinal/LSDprojfinal/Fase_1/FreqDivider.vhd Line: 12
    Info (12023): Found entity 1: FreqDivider File: C:/LSD/ProjFinal/LSDprojfinal/Fase_1/FreqDivider.vhd Line: 5
Info (12021): Found 2 design units, including 1 entities, in source file fase1fsm.vhd
    Info (12022): Found design unit 1: Fase1FSM-v1 File: C:/LSD/ProjFinal/LSDprojfinal/Fase_1/Fase1FSM.vhd Line: 24
    Info (12023): Found entity 1: Fase1FSM File: C:/LSD/ProjFinal/LSDprojfinal/Fase_1/Fase1FSM.vhd Line: 5
Info (12021): Found 2 design units, including 1 entities, in source file clkdividern.vhd
    Info (12022): Found design unit 1: ClkDividerN-RTL File: C:/LSD/ProjFinal/LSDprojfinal/Fase_1/ClkDividerN.vhd Line: 11
    Info (12023): Found entity 1: ClkDividerN File: C:/LSD/ProjFinal/LSDprojfinal/Fase_1/ClkDividerN.vhd Line: 5
Info (12021): Found 2 design units, including 1 entities, in source file timerfsm.vhd
    Info (12022): Found design unit 1: TimerFSM-Behavioral File: C:/LSD/ProjFinal/LSDprojfinal/Fase_1/TimerFSM.vhd Line: 13
    Info (12023): Found entity 1: TimerFSM File: C:/LSD/ProjFinal/LSDprojfinal/Fase_1/TimerFSM.vhd Line: 5
Info (12021): Found 2 design units, including 1 entities, in source file olaintermit.vhd
    Info (12022): Found design unit 1: OlaIntermit-v1 File: C:/LSD/ProjFinal/LSDprojfinal/Fase_1/OlaIntermit.vhd Line: 12
    Info (12023): Found entity 1: OlaIntermit File: C:/LSD/ProjFinal/LSDprojfinal/Fase_1/OlaIntermit.vhd Line: 4
Info (12127): Elaborating entity "Fase1" for the top level hierarchy
Warning (10541): VHDL Signal Declaration warning at Fase1.vhd(14): used implicit default value for signal "HEX3" because signal was never assigned a value or an explicit default value. Use of implicit default value may introduce unintended design optimizations. File: C:/LSD/ProjFinal/LSDprojfinal/Fase_1/Fase1.vhd Line: 14
Warning (10873): Using initial value X (don't care) for net "LEDR[17..1]" at Fase1.vhd(9) File: C:/LSD/ProjFinal/LSDprojfinal/Fase_1/Fase1.vhd Line: 9
Warning (10873): Using initial value X (don't care) for net "LEDG[6..0]" at Fase1.vhd(10) File: C:/LSD/ProjFinal/LSDprojfinal/Fase_1/Fase1.vhd Line: 10
Info (12129): Elaborating entity "FreqDivider" using architecture "A:v1" for hierarchy "FreqDivider:u0" File: C:/LSD/ProjFinal/LSDprojfinal/Fase_1/Fase1.vhd Line: 28
Info (12129): Elaborating entity "OlaIntermit" using architecture "A:v1" for hierarchy "OlaIntermit:u1" File: C:/LSD/ProjFinal/LSDprojfinal/Fase_1/Fase1.vhd Line: 33
Info (10041): Inferred latch for "visor_cen[0]" at OlaIntermit.vhd(26) File: C:/LSD/ProjFinal/LSDprojfinal/Fase_1/OlaIntermit.vhd Line: 26
Info (10041): Inferred latch for "visor_cen[1]" at OlaIntermit.vhd(26) File: C:/LSD/ProjFinal/LSDprojfinal/Fase_1/OlaIntermit.vhd Line: 26
Info (10041): Inferred latch for "visor_cen[2]" at OlaIntermit.vhd(26) File: C:/LSD/ProjFinal/LSDprojfinal/Fase_1/OlaIntermit.vhd Line: 26
Info (10041): Inferred latch for "visor_cen[3]" at OlaIntermit.vhd(26) File: C:/LSD/ProjFinal/LSDprojfinal/Fase_1/OlaIntermit.vhd Line: 26
Info (10041): Inferred latch for "visor_cen[4]" at OlaIntermit.vhd(26) File: C:/LSD/ProjFinal/LSDprojfinal/Fase_1/OlaIntermit.vhd Line: 26
Info (10041): Inferred latch for "visor_cen[5]" at OlaIntermit.vhd(26) File: C:/LSD/ProjFinal/LSDprojfinal/Fase_1/OlaIntermit.vhd Line: 26
Info (10041): Inferred latch for "visor_cen[6]" at OlaIntermit.vhd(26) File: C:/LSD/ProjFinal/LSDprojfinal/Fase_1/OlaIntermit.vhd Line: 26
Info (10041): Inferred latch for "visor_dez[0]" at OlaIntermit.vhd(25) File: C:/LSD/ProjFinal/LSDprojfinal/Fase_1/OlaIntermit.vhd Line: 25
Info (10041): Inferred latch for "visor_dez[1]" at OlaIntermit.vhd(25) File: C:/LSD/ProjFinal/LSDprojfinal/Fase_1/OlaIntermit.vhd Line: 25
Info (10041): Inferred latch for "visor_dez[2]" at OlaIntermit.vhd(25) File: C:/LSD/ProjFinal/LSDprojfinal/Fase_1/OlaIntermit.vhd Line: 25
Info (10041): Inferred latch for "visor_dez[3]" at OlaIntermit.vhd(25) File: C:/LSD/ProjFinal/LSDprojfinal/Fase_1/OlaIntermit.vhd Line: 25
Info (10041): Inferred latch for "visor_dez[4]" at OlaIntermit.vhd(25) File: C:/LSD/ProjFinal/LSDprojfinal/Fase_1/OlaIntermit.vhd Line: 25
Info (10041): Inferred latch for "visor_dez[5]" at OlaIntermit.vhd(25) File: C:/LSD/ProjFinal/LSDprojfinal/Fase_1/OlaIntermit.vhd Line: 25
Info (10041): Inferred latch for "visor_dez[6]" at OlaIntermit.vhd(25) File: C:/LSD/ProjFinal/LSDprojfinal/Fase_1/OlaIntermit.vhd Line: 25
Info (10041): Inferred latch for "visor_uni[0]" at OlaIntermit.vhd(24) File: C:/LSD/ProjFinal/LSDprojfinal/Fase_1/OlaIntermit.vhd Line: 24
Info (10041): Inferred latch for "visor_uni[1]" at OlaIntermit.vhd(24) File: C:/LSD/ProjFinal/LSDprojfinal/Fase_1/OlaIntermit.vhd Line: 24
Info (10041): Inferred latch for "visor_uni[2]" at OlaIntermit.vhd(24) File: C:/LSD/ProjFinal/LSDprojfinal/Fase_1/OlaIntermit.vhd Line: 24
Info (10041): Inferred latch for "visor_uni[3]" at OlaIntermit.vhd(24) File: C:/LSD/ProjFinal/LSDprojfinal/Fase_1/OlaIntermit.vhd Line: 24
Info (10041): Inferred latch for "visor_uni[4]" at OlaIntermit.vhd(24) File: C:/LSD/ProjFinal/LSDprojfinal/Fase_1/OlaIntermit.vhd Line: 24
Info (10041): Inferred latch for "visor_uni[5]" at OlaIntermit.vhd(24) File: C:/LSD/ProjFinal/LSDprojfinal/Fase_1/OlaIntermit.vhd Line: 24
Info (10041): Inferred latch for "visor_uni[6]" at OlaIntermit.vhd(24) File: C:/LSD/ProjFinal/LSDprojfinal/Fase_1/OlaIntermit.vhd Line: 24
Info (12129): Elaborating entity "TimerFSM" using architecture "A:behavioral" for hierarchy "TimerFSM:u2" File: C:/LSD/ProjFinal/LSDprojfinal/Fase_1/Fase1.vhd Line: 40
Info (12129): Elaborating entity "Fase1FSM" using architecture "A:v1" for hierarchy "Fase1FSM:u3" File: C:/LSD/ProjFinal/LSDprojfinal/Fase_1/Fase1.vhd Line: 47
Warning (10541): VHDL Signal Declaration warning at Fase1FSM.vhd(13): used implicit default value for signal "coca" because signal was never assigned a value or an explicit default value. Use of implicit default value may introduce unintended design optimizations. File: C:/LSD/ProjFinal/LSDprojfinal/Fase_1/Fase1FSM.vhd Line: 13
Warning (10541): VHDL Signal Declaration warning at Fase1FSM.vhd(14): used implicit default value for signal "agua" because signal was never assigned a value or an explicit default value. Use of implicit default value may introduce unintended design optimizations. File: C:/LSD/ProjFinal/LSDprojfinal/Fase_1/Fase1FSM.vhd Line: 14
Warning (10541): VHDL Signal Declaration warning at Fase1FSM.vhd(15): used implicit default value for signal "slar" because signal was never assigned a value or an explicit default value. Use of implicit default value may introduce unintended design optimizations. File: C:/LSD/ProjFinal/LSDprojfinal/Fase_1/Fase1FSM.vhd Line: 15
Info (13025): Duplicate LATCH primitives merged into single LATCH primitive
    Info (13026): Duplicate LATCH primitive "OlaIntermit:u1|visor_cen[6]" merged with LATCH primitive "OlaIntermit:u1|visor_uni[3]" File: C:/LSD/ProjFinal/LSDprojfinal/Fase_1/OlaIntermit.vhd Line: 26
    Info (13026): Duplicate LATCH primitive "OlaIntermit:u1|visor_dez[6]" merged with LATCH primitive "OlaIntermit:u1|visor_uni[3]" File: C:/LSD/ProjFinal/LSDprojfinal/Fase_1/OlaIntermit.vhd Line: 25
    Info (13026): Duplicate LATCH primitive "OlaIntermit:u1|visor_dez[2]" merged with LATCH primitive "OlaIntermit:u1|visor_uni[3]" File: C:/LSD/ProjFinal/LSDprojfinal/Fase_1/OlaIntermit.vhd Line: 25
    Info (13026): Duplicate LATCH primitive "OlaIntermit:u1|visor_dez[1]" merged with LATCH primitive "OlaIntermit:u1|visor_uni[3]" File: C:/LSD/ProjFinal/LSDprojfinal/Fase_1/OlaIntermit.vhd Line: 25
    Info (13026): Duplicate LATCH primitive "OlaIntermit:u1|visor_dez[0]" merged with LATCH primitive "OlaIntermit:u1|visor_uni[3]" File: C:/LSD/ProjFinal/LSDprojfinal/Fase_1/OlaIntermit.vhd Line: 25
Warning (13024): Output pins are stuck at VCC or GND
    Warning (13410): Pin "LEDR[1]" is stuck at GND File: C:/LSD/ProjFinal/LSDprojfinal/Fase_1/Fase1.vhd Line: 9
    Warning (13410): Pin "LEDR[2]" is stuck at GND File: C:/LSD/ProjFinal/LSDprojfinal/Fase_1/Fase1.vhd Line: 9
    Warning (13410): Pin "LEDR[3]" is stuck at GND File: C:/LSD/ProjFinal/LSDprojfinal/Fase_1/Fase1.vhd Line: 9
    Warning (13410): Pin "LEDR[4]" is stuck at GND File: C:/LSD/ProjFinal/LSDprojfinal/Fase_1/Fase1.vhd Line: 9
    Warning (13410): Pin "LEDR[5]" is stuck at GND File: C:/LSD/ProjFinal/LSDprojfinal/Fase_1/Fase1.vhd Line: 9
    Warning (13410): Pin "LEDR[6]" is stuck at GND File: C:/LSD/ProjFinal/LSDprojfinal/Fase_1/Fase1.vhd Line: 9
    Warning (13410): Pin "LEDR[7]" is stuck at GND File: C:/LSD/ProjFinal/LSDprojfinal/Fase_1/Fase1.vhd Line: 9
    Warning (13410): Pin "LEDR[8]" is stuck at GND File: C:/LSD/ProjFinal/LSDprojfinal/Fase_1/Fase1.vhd Line: 9
    Warning (13410): Pin "LEDR[9]" is stuck at GND File: C:/LSD/ProjFinal/LSDprojfinal/Fase_1/Fase1.vhd Line: 9
    Warning (13410): Pin "LEDR[10]" is stuck at GND File: C:/LSD/ProjFinal/LSDprojfinal/Fase_1/Fase1.vhd Line: 9
    Warning (13410): Pin "LEDR[11]" is stuck at GND File: C:/LSD/ProjFinal/LSDprojfinal/Fase_1/Fase1.vhd Line: 9
    Warning (13410): Pin "LEDR[12]" is stuck at GND File: C:/LSD/ProjFinal/LSDprojfinal/Fase_1/Fase1.vhd Line: 9
    Warning (13410): Pin "LEDR[13]" is stuck at GND File: C:/LSD/ProjFinal/LSDprojfinal/Fase_1/Fase1.vhd Line: 9
    Warning (13410): Pin "LEDR[14]" is stuck at GND File: C:/LSD/ProjFinal/LSDprojfinal/Fase_1/Fase1.vhd Line: 9
    Warning (13410): Pin "LEDR[15]" is stuck at GND File: C:/LSD/ProjFinal/LSDprojfinal/Fase_1/Fase1.vhd Line: 9
    Warning (13410): Pin "LEDR[16]" is stuck at GND File: C:/LSD/ProjFinal/LSDprojfinal/Fase_1/Fase1.vhd Line: 9
    Warning (13410): Pin "LEDR[17]" is stuck at GND File: C:/LSD/ProjFinal/LSDprojfinal/Fase_1/Fase1.vhd Line: 9
    Warning (13410): Pin "LEDG[0]" is stuck at GND File: C:/LSD/ProjFinal/LSDprojfinal/Fase_1/Fase1.vhd Line: 10
    Warning (13410): Pin "LEDG[1]" is stuck at GND File: C:/LSD/ProjFinal/LSDprojfinal/Fase_1/Fase1.vhd Line: 10
    Warning (13410): Pin "LEDG[2]" is stuck at GND File: C:/LSD/ProjFinal/LSDprojfinal/Fase_1/Fase1.vhd Line: 10
    Warning (13410): Pin "LEDG[3]" is stuck at GND File: C:/LSD/ProjFinal/LSDprojfinal/Fase_1/Fase1.vhd Line: 10
    Warning (13410): Pin "LEDG[4]" is stuck at GND File: C:/LSD/ProjFinal/LSDprojfinal/Fase_1/Fase1.vhd Line: 10
    Warning (13410): Pin "LEDG[5]" is stuck at GND File: C:/LSD/ProjFinal/LSDprojfinal/Fase_1/Fase1.vhd Line: 10
    Warning (13410): Pin "LEDG[6]" is stuck at GND File: C:/LSD/ProjFinal/LSDprojfinal/Fase_1/Fase1.vhd Line: 10
    Warning (13410): Pin "HEX0[0]" is stuck at VCC File: C:/LSD/ProjFinal/LSDprojfinal/Fase_1/Fase1.vhd Line: 11
    Warning (13410): Pin "HEX0[1]" is stuck at VCC File: C:/LSD/ProjFinal/LSDprojfinal/Fase_1/Fase1.vhd Line: 11
    Warning (13410): Pin "HEX0[2]" is stuck at VCC File: C:/LSD/ProjFinal/LSDprojfinal/Fase_1/Fase1.vhd Line: 11
    Warning (13410): Pin "HEX0[4]" is stuck at VCC File: C:/LSD/ProjFinal/LSDprojfinal/Fase_1/Fase1.vhd Line: 11
    Warning (13410): Pin "HEX0[5]" is stuck at VCC File: C:/LSD/ProjFinal/LSDprojfinal/Fase_1/Fase1.vhd Line: 11
    Warning (13410): Pin "HEX0[6]" is stuck at VCC File: C:/LSD/ProjFinal/LSDprojfinal/Fase_1/Fase1.vhd Line: 11
    Warning (13410): Pin "HEX1[3]" is stuck at VCC File: C:/LSD/ProjFinal/LSDprojfinal/Fase_1/Fase1.vhd Line: 12
    Warning (13410): Pin "HEX1[4]" is stuck at VCC File: C:/LSD/ProjFinal/LSDprojfinal/Fase_1/Fase1.vhd Line: 12
    Warning (13410): Pin "HEX1[5]" is stuck at VCC File: C:/LSD/ProjFinal/LSDprojfinal/Fase_1/Fase1.vhd Line: 12
    Warning (13410): Pin "HEX2[0]" is stuck at VCC File: C:/LSD/ProjFinal/LSDprojfinal/Fase_1/Fase1.vhd Line: 13
    Warning (13410): Pin "HEX2[1]" is stuck at VCC File: C:/LSD/ProjFinal/LSDprojfinal/Fase_1/Fase1.vhd Line: 13
    Warning (13410): Pin "HEX2[2]" is stuck at VCC File: C:/LSD/ProjFinal/LSDprojfinal/Fase_1/Fase1.vhd Line: 13
    Warning (13410): Pin "HEX2[3]" is stuck at VCC File: C:/LSD/ProjFinal/LSDprojfinal/Fase_1/Fase1.vhd Line: 13
    Warning (13410): Pin "HEX2[4]" is stuck at VCC File: C:/LSD/ProjFinal/LSDprojfinal/Fase_1/Fase1.vhd Line: 13
    Warning (13410): Pin "HEX2[5]" is stuck at VCC File: C:/LSD/ProjFinal/LSDprojfinal/Fase_1/Fase1.vhd Line: 13
    Warning (13410): Pin "HEX3[0]" is stuck at GND File: C:/LSD/ProjFinal/LSDprojfinal/Fase_1/Fase1.vhd Line: 14
    Warning (13410): Pin "HEX3[1]" is stuck at GND File: C:/LSD/ProjFinal/LSDprojfinal/Fase_1/Fase1.vhd Line: 14
    Warning (13410): Pin "HEX3[2]" is stuck at GND File: C:/LSD/ProjFinal/LSDprojfinal/Fase_1/Fase1.vhd Line: 14
    Warning (13410): Pin "HEX3[3]" is stuck at GND File: C:/LSD/ProjFinal/LSDprojfinal/Fase_1/Fase1.vhd Line: 14
    Warning (13410): Pin "HEX3[4]" is stuck at GND File: C:/LSD/ProjFinal/LSDprojfinal/Fase_1/Fase1.vhd Line: 14
    Warning (13410): Pin "HEX3[5]" is stuck at GND File: C:/LSD/ProjFinal/LSDprojfinal/Fase_1/Fase1.vhd Line: 14
    Warning (13410): Pin "HEX3[6]" is stuck at GND File: C:/LSD/ProjFinal/LSDprojfinal/Fase_1/Fase1.vhd Line: 14
Info (286030): Timing-Driven Synthesis is running
Info (16010): Generating hard_block partition "hard_block:auto_generated_inst"
    Info (16011): Adding 0 node(s), including 0 DDIO, 0 PLL, 0 transceiver and 0 LCELL
Warning (21074): Design contains 18 input pin(s) that do not drive logic
    Warning (15610): No output dependent on input pin "SW[0]" File: C:/LSD/ProjFinal/LSDprojfinal/Fase_1/Fase1.vhd Line: 7
    Warning (15610): No output dependent on input pin "SW[1]" File: C:/LSD/ProjFinal/LSDprojfinal/Fase_1/Fase1.vhd Line: 7
    Warning (15610): No output dependent on input pin "SW[2]" File: C:/LSD/ProjFinal/LSDprojfinal/Fase_1/Fase1.vhd Line: 7
    Warning (15610): No output dependent on input pin "SW[3]" File: C:/LSD/ProjFinal/LSDprojfinal/Fase_1/Fase1.vhd Line: 7
    Warning (15610): No output dependent on input pin "SW[4]" File: C:/LSD/ProjFinal/LSDprojfinal/Fase_1/Fase1.vhd Line: 7
    Warning (15610): No output dependent on input pin "SW[5]" File: C:/LSD/ProjFinal/LSDprojfinal/Fase_1/Fase1.vhd Line: 7
    Warning (15610): No output dependent on input pin "SW[6]" File: C:/LSD/ProjFinal/LSDprojfinal/Fase_1/Fase1.vhd Line: 7
    Warning (15610): No output dependent on input pin "SW[7]" File: C:/LSD/ProjFinal/LSDprojfinal/Fase_1/Fase1.vhd Line: 7
    Warning (15610): No output dependent on input pin "SW[8]" File: C:/LSD/ProjFinal/LSDprojfinal/Fase_1/Fase1.vhd Line: 7
    Warning (15610): No output dependent on input pin "SW[9]" File: C:/LSD/ProjFinal/LSDprojfinal/Fase_1/Fase1.vhd Line: 7
    Warning (15610): No output dependent on input pin "SW[10]" File: C:/LSD/ProjFinal/LSDprojfinal/Fase_1/Fase1.vhd Line: 7
    Warning (15610): No output dependent on input pin "SW[11]" File: C:/LSD/ProjFinal/LSDprojfinal/Fase_1/Fase1.vhd Line: 7
    Warning (15610): No output dependent on input pin "SW[12]" File: C:/LSD/ProjFinal/LSDprojfinal/Fase_1/Fase1.vhd Line: 7
    Warning (15610): No output dependent on input pin "SW[13]" File: C:/LSD/ProjFinal/LSDprojfinal/Fase_1/Fase1.vhd Line: 7
    Warning (15610): No output dependent on input pin "SW[14]" File: C:/LSD/ProjFinal/LSDprojfinal/Fase_1/Fase1.vhd Line: 7
    Warning (15610): No output dependent on input pin "KEY[1]" File: C:/LSD/ProjFinal/LSDprojfinal/Fase_1/Fase1.vhd Line: 8
    Warning (15610): No output dependent on input pin "KEY[2]" File: C:/LSD/ProjFinal/LSDprojfinal/Fase_1/Fase1.vhd Line: 8
    Warning (15610): No output dependent on input pin "KEY[3]" File: C:/LSD/ProjFinal/LSDprojfinal/Fase_1/Fase1.vhd Line: 8
Info (21057): Implemented 164 device resources after synthesis - the final resource count might be different
    Info (21058): Implemented 23 input pins
    Info (21059): Implemented 54 output pins
    Info (21061): Implemented 87 logic cells
Info: Quartus Prime Analysis & Synthesis was successful. 0 errors, 73 warnings
    Info: Peak virtual memory: 4786 megabytes
    Info: Processing ended: Wed Jun 09 13:50:35 2021
    Info: Elapsed time: 00:00:20
    Info: Total CPU time (on all processors): 00:00:43


